Using pre-set license
Built from '2020.3/staging' branch; Version is '2020.3.0f1 (c7b5465681fb) revision 13088070'; Using compiler version '192528614'; Build Type 'Release'
OS: 'Windows 10 Pro; OS build 19042.867; Version 2009; 64bit' Language: 'fr' Physical Memory: 16321 MB
BatchMode: 1, IsHumanControllingUs: 0, StartBugReporterOnCrash: 0, Is64bit: 1, IsPro: 0

 COMMAND LINE ARGUMENTS:
C:\Program Files\Unity\Hub\Editor\2020.3.0f1\Editor\Unity.exe
-adb2
-batchMode
-noUpm
-name
AssetImportWorker0
-projectPath
G:/Cours/Progra/Unity/TestGroupProject/SoulsReaper_GroupProject/SoulsReaperUnity
-logFile
Logs/AssetImportWorker0.log
-srvPort
60736
Successfully changed project path to: G:/Cours/Progra/Unity/TestGroupProject/SoulsReaper_GroupProject/SoulsReaperUnity
G:/Cours/Progra/Unity/TestGroupProject/SoulsReaper_GroupProject/SoulsReaperUnity
Using Asset Import Pipeline V2.
Refreshing native plugins compatible for Editor in 32.75 ms, found 0 plugins.
Preloading 0 native plugins for Editor in 0.00 ms.
Initialize engine version: 2020.3.0f1 (c7b5465681fb)
[Subsystems] Discovering subsystems at path C:/Program Files/Unity/Hub/Editor/2020.3.0f1/Editor/Data/Resources/UnitySubsystems
[Subsystems] Discovering subsystems at path G:/Cours/Progra/Unity/TestGroupProject/SoulsReaper_GroupProject/SoulsReaperUnity/Assets
GfxDevice: creating device client; threaded=0
Direct3D:
    Version:  Direct3D 11.0 [level 11.1]
    Renderer: NVIDIA GeForce GTX 1060 3GB (ID=0x1c02)
    Vendor:   
    VRAM:     2988 MB
    Driver:   27.21.14.5671
Initialize mono
Mono path[0] = 'C:/Program Files/Unity/Hub/Editor/2020.3.0f1/Editor/Data/Managed'
Mono path[1] = 'C:/Program Files/Unity/Hub/Editor/2020.3.0f1/Editor/Data/MonoBleedingEdge/lib/mono/unityjit'
Mono config path = 'C:/Program Files/Unity/Hub/Editor/2020.3.0f1/Editor/Data/MonoBleedingEdge/etc'
Using monoOptions --debugger-agent=transport=dt_socket,embedding=1,server=y,suspend=n,address=127.0.0.1:56840
Begin MonoManager ReloadAssembly
Registering precompiled unity dll's ...
Register platform support module: C:/Program Files/Unity/Hub/Editor/2020.3.0f1/Editor/Data/PlaybackEngines/WindowsStandaloneSupport/UnityEditor.WindowsStandalone.Extensions.dll
Registered in 0.002595 seconds.
Native extension for WindowsStandalone target not found
Refreshing native plugins compatible for Editor in 35.17 ms, found 0 plugins.
Preloading 0 native plugins for Editor in 0.00 ms.
Invoked RoslynAnalysisRunner static constructor.
RoslynAnalysisRunner will not be running.
RoslynAnalysisRunner has terminated.
Mono: successfully reloaded assembly
- Completed reload, in  1.347 seconds
Platform modules already initialized, skipping
Registering precompiled user dll's ...
Registered in 0.000644 seconds.
Begin MonoManager ReloadAssembly
Native extension for WindowsStandalone target not found
Refreshing native plugins compatible for Editor in 0.22 ms, found 0 plugins.
Preloading 0 native plugins for Editor in 0.00 ms.
Invoked RoslynAnalysisRunner static constructor.
RoslynAnalysisRunner will not be running.
RoslynAnalysisRunner has terminated.
Mono: successfully reloaded assembly
- Completed reload, in  1.063 seconds
Platform modules already initialized, skipping
========================================================================
Worker process is ready to serve import requests
Launched and connected shader compiler UnityShaderCompiler.exe after 0.06 seconds
Refreshing native plugins compatible for Editor in 0.21 ms, found 0 plugins.
Preloading 0 native plugins for Editor in 0.00 ms.
Unloading 1127 Unused Serialized files (Serialized files now loaded: 0)
System memory in use before: 57.6 MB.
System memory in use after: 57.7 MB.

Unloading 9 unused Assets to reduce memory usage. Loaded Objects now: 1571.
Total: 1.914600 ms (FindLiveObjects: 0.139300 ms CreateObjectMapping: 0.107800 ms MarkObjects: 1.605300 ms  DeleteObjects: 0.061100 ms)

========================================================================
Received Import Request.
  path: Assets/Prefabs/EnemyAI.prefab
  artifactKey: Guid(7c58cd9bb2c50d34994ecce2d3828e33) Importer(815301076,1909f56bfc062723c751e8b465ee728b)
Start importing Assets/Prefabs/EnemyAI.prefab using Guid(7c58cd9bb2c50d34994ecce2d3828e33) Importer(815301076,1909f56bfc062723c751e8b465ee728b)  -> (artifact id: '8d87b2da65930dfaeda06f6c9229eddd') in 0.145578 seconds
  Import took 0.150738 seconds .

========================================================================
Received Import Request.
  Time since last request: 0.000329 seconds.
  path: Assets/Fonts/US101.TTF
  artifactKey: Guid(31e9f565e2735e14a929b6c7f26c371f) Importer(815301076,1909f56bfc062723c751e8b465ee728b)
Start importing Assets/Fonts/US101.TTF using Guid(31e9f565e2735e14a929b6c7f26c371f) Importer(815301076,1909f56bfc062723c751e8b465ee728b)  -> (artifact id: 'a437b8e384bef17db3803484cfd711fc') in 0.057137 seconds
  Import took 0.059240 seconds .

========================================================================
Received Import Request.
  Time since last request: 3.799924 seconds.
  path: Assets/Assets
  artifactKey: Guid(3d1f3945e7a2bad4f80c6b57675ba19e) Importer(815301076,1909f56bfc062723c751e8b465ee728b)
Start importing Assets/Assets using Guid(3d1f3945e7a2bad4f80c6b57675ba19e) Importer(815301076,1909f56bfc062723c751e8b465ee728b)  -> (artifact id: '2c201649298b69cf88fbfe12e65359f1') in 0.016669 seconds
  Import took 0.019840 seconds .

========================================================================
Received Import Request.
  Time since last request: 0.000896 seconds.
  path: Assets/Assets
  artifactKey: Guid(3d1f3945e7a2bad4f80c6b57675ba19e) Importer(815301076,1909f56bfc062723c751e8b465ee728b)
Start importing Assets/Assets using Guid(3d1f3945e7a2bad4f80c6b57675ba19e) Importer(815301076,1909f56bfc062723c751e8b465ee728b)  -> (artifact id: '2c201649298b69cf88fbfe12e65359f1') in 0.004889 seconds
  Import took 0.012844 seconds .

========================================================================
Received Import Request.
  Time since last request: 6.021805 seconds.
  path: Assets/Assets/Objects
  artifactKey: Guid(cf87d4fc123573b438e2d4eada188b03) Importer(815301076,1909f56bfc062723c751e8b465ee728b)
Start importing Assets/Assets/Objects using Guid(cf87d4fc123573b438e2d4eada188b03) Importer(815301076,1909f56bfc062723c751e8b465ee728b)  -> (artifact id: 'f83a42f630a05ba00fdf45c08ef15fe5') in 0.012666 seconds
  Import took 0.018414 seconds .

========================================================================
Received Import Request.
  Time since last request: 3.009056 seconds.
  path: Assets/Assets/Items
  artifactKey: Guid(cf87d4fc123573b438e2d4eada188b03) Importer(815301076,1909f56bfc062723c751e8b465ee728b)
Start importing Assets/Assets/Items using Guid(cf87d4fc123573b438e2d4eada188b03) Importer(815301076,1909f56bfc062723c751e8b465ee728b)  -> (artifact id: '6880a77232daaa8be9ccc75960647c0a') in 0.015090 seconds
  Import took 0.020281 seconds .

========================================================================
Received Import Request.
  Time since last request: 7.623274 seconds.
  path: Assets/Assets/Items/Clown.fbx
  artifactKey: Guid(f635ee662eaf90b41a53f7b874aeb9d8) Importer(815301076,1909f56bfc062723c751e8b465ee728b)
Start importing Assets/Assets/Items/Clown.fbx using Guid(f635ee662eaf90b41a53f7b874aeb9d8) Importer(815301076,1909f56bfc062723c751e8b465ee728b)  -> (artifact id: '48c2130786852f487f338e259b3447a7') in 0.366112 seconds
  Import took 0.369138 seconds .

========================================================================
Received Import Request.
  Time since last request: 1.470097 seconds.
  path: Assets/Assets/Items/Clown2.fbx
  artifactKey: Guid(aaa8773ed21819743b3e19ac04dc2e81) Importer(815301076,1909f56bfc062723c751e8b465ee728b)
Start importing Assets/Assets/Items/Clown2.fbx using Guid(aaa8773ed21819743b3e19ac04dc2e81) Importer(815301076,1909f56bfc062723c751e8b465ee728b)  -> (artifact id: '35504ede4bce4d794287ce370ddce0a1') in 0.088965 seconds
  Import took 0.094336 seconds .

========================================================================
Received Import Request.
  Time since last request: 0.004028 seconds.
  path: Assets/Assets/Items/Clown2.fbx
  artifactKey: Guid(aaa8773ed21819743b3e19ac04dc2e81) Importer(815301076,1909f56bfc062723c751e8b465ee728b)
Start importing Assets/Assets/Items/Clown2.fbx using Guid(aaa8773ed21819743b3e19ac04dc2e81) Importer(815301076,1909f56bfc062723c751e8b465ee728b)  -> (artifact id: '35504ede4bce4d794287ce370ddce0a1') in 0.034883 seconds
  Import took 0.039113 seconds .

AssetImportWorkerClient::OnTransportError - code=2 error=End of file
