Using pre-set license
Built from '2020.3/staging' branch; Version is '2020.3.0f1 (c7b5465681fb) revision 13088070'; Using compiler version '192528614'; Build Type 'Release'
OS: 'Windows 10 Home; OS build 19042.867; Version 2009; 64bit' Language: 'fr' Physical Memory: 16229 MB
BatchMode: 1, IsHumanControllingUs: 0, StartBugReporterOnCrash: 0, Is64bit: 1, IsPro: 0

 COMMAND LINE ARGUMENTS:
C:\Program Files\Unity\Hub\Editor\2020.3.0f1\Editor\Unity.exe
-adb2
-batchMode
-noUpm
-name
AssetImportWorker0
-projectPath
C:/Users/getre/Documents/Un-Undead
-logFile
Logs/AssetImportWorker0.log
-srvPort
54499
Successfully changed project path to: C:/Users/getre/Documents/Un-Undead
C:/Users/getre/Documents/Un-Undead
Using Asset Import Pipeline V2.
Refreshing native plugins compatible for Editor in 24.82 ms, found 0 plugins.
Preloading 0 native plugins for Editor in 0.00 ms.
Initialize engine version: 2020.3.0f1 (c7b5465681fb)
[Subsystems] Discovering subsystems at path C:/Program Files/Unity/Hub/Editor/2020.3.0f1/Editor/Data/Resources/UnitySubsystems
[Subsystems] Discovering subsystems at path C:/Users/getre/Documents/Un-Undead/Assets
GfxDevice: creating device client; threaded=0
Direct3D:
    Version:  Direct3D 11.0 [level 11.1]
    Renderer: NVIDIA GeForce GTX 1660 Ti (ID=0x2191)
    Vendor:   
    VRAM:     5991 MB
    Driver:   27.21.14.6172
Initialize mono
Mono path[0] = 'C:/Program Files/Unity/Hub/Editor/2020.3.0f1/Editor/Data/Managed'
Mono path[1] = 'C:/Program Files/Unity/Hub/Editor/2020.3.0f1/Editor/Data/MonoBleedingEdge/lib/mono/unityjit'
Mono config path = 'C:/Program Files/Unity/Hub/Editor/2020.3.0f1/Editor/Data/MonoBleedingEdge/etc'
Using monoOptions --debugger-agent=transport=dt_socket,embedding=1,server=y,suspend=n,address=127.0.0.1:56228
Begin MonoManager ReloadAssembly
Registering precompiled unity dll's ...
Register platform support module: C:/Program Files/Unity/Hub/Editor/2020.3.0f1/Editor/Data/PlaybackEngines/WindowsStandaloneSupport/UnityEditor.WindowsStandalone.Extensions.dll
Registered in 0.001792 seconds.
Native extension for WindowsStandalone target not found
Refreshing native plugins compatible for Editor in 20.98 ms, found 0 plugins.
Preloading 0 native plugins for Editor in 0.00 ms.
Invoked RoslynAnalysisRunner static constructor.
RoslynAnalysisRunner will not be running.
RoslynAnalysisRunner has terminated.
Mono: successfully reloaded assembly
- Completed reload, in  0.943 seconds
Platform modules already initialized, skipping
Registering precompiled user dll's ...
Registered in 0.000625 seconds.
Begin MonoManager ReloadAssembly
Native extension for WindowsStandalone target not found
Refreshing native plugins compatible for Editor in 0.19 ms, found 0 plugins.
Preloading 0 native plugins for Editor in 0.00 ms.
Invoked RoslynAnalysisRunner static constructor.
RoslynAnalysisRunner will not be running.
RoslynAnalysisRunner has terminated.
Mono: successfully reloaded assembly
- Completed reload, in  0.795 seconds
Platform modules already initialized, skipping
========================================================================
Worker process is ready to serve import requests
Launched and connected shader compiler UnityShaderCompiler.exe after 0.05 seconds
Refreshing native plugins compatible for Editor in 0.18 ms, found 0 plugins.
Preloading 0 native plugins for Editor in 0.00 ms.
Unloading 1118 Unused Serialized files (Serialized files now loaded: 0)
System memory in use before: 57.0 MB.
System memory in use after: 57.1 MB.

Unloading 9 unused Assets to reduce memory usage. Loaded Objects now: 1562.
Total: 1.720700 ms (FindLiveObjects: 0.154600 ms CreateObjectMapping: 0.060200 ms MarkObjects: 1.433300 ms  DeleteObjects: 0.070900 ms)

========================================================================
Received Import Request.
  path: Assets/Scripts/Collectiob.cs
  artifactKey: Guid(0c74931ef42e04d41aa5e979973d7384) Importer(815301076,1909f56bfc062723c751e8b465ee728b)
Start importing Assets/Scripts/Collectiob.cs using Guid(0c74931ef42e04d41aa5e979973d7384) Importer(815301076,1909f56bfc062723c751e8b465ee728b)  -> (artifact id: 'd4091f12156a99b08d36f263d786607d') in 0.108790 seconds
  Import took 0.110687 seconds .

========================================================================
Received Prepare
Registering precompiled user dll's ...
Registered in 0.000706 seconds.
Begin MonoManager ReloadAssembly
Native extension for WindowsStandalone target not found
Refreshing native plugins compatible for Editor in 0.18 ms, found 0 plugins.
Preloading 0 native plugins for Editor in 0.00 ms.
Invoked RoslynAnalysisRunner static constructor.
RoslynAnalysisRunner will not be running.
RoslynAnalysisRunner has terminated.
Mono: successfully reloaded assembly
- Completed reload, in  0.720 seconds
Platform modules already initialized, skipping
Refreshing native plugins compatible for Editor in 0.21 ms, found 0 plugins.
Preloading 0 native plugins for Editor in 0.00 ms.
Unloading 1112 Unused Serialized files (Serialized files now loaded: 0)
System memory in use before: 57.0 MB.
System memory in use after: 57.0 MB.

Unloading 4 unused Assets to reduce memory usage. Loaded Objects now: 1565.
Total: 1.670100 ms (FindLiveObjects: 0.158800 ms CreateObjectMapping: 0.056500 ms MarkObjects: 1.437900 ms  DeleteObjects: 0.015400 ms)

========================================================================
Received Import Request.
  Time since last request: 42.009210 seconds.
  path: Assets/Scripts/Collecting.cs
  artifactKey: Guid(f0ab3f3006e87ca44b12b4d66e02dbaf) Importer(815301076,1909f56bfc062723c751e8b465ee728b)
Start importing Assets/Scripts/Collecting.cs using Guid(f0ab3f3006e87ca44b12b4d66e02dbaf) Importer(815301076,1909f56bfc062723c751e8b465ee728b)  -> (artifact id: 'a6f5c46ece70d4cd44096fd9f4c394e3') in 0.011437 seconds
  Import took 0.013759 seconds .

========================================================================
Received Prepare
Registering precompiled user dll's ...
Registered in 0.000638 seconds.
Begin MonoManager ReloadAssembly
Native extension for WindowsStandalone target not found
Refreshing native plugins compatible for Editor in 0.28 ms, found 0 plugins.
Preloading 0 native plugins for Editor in 0.00 ms.
Invoked RoslynAnalysisRunner static constructor.
RoslynAnalysisRunner will not be running.
RoslynAnalysisRunner has terminated.
Mono: successfully reloaded assembly
- Completed reload, in  0.768 seconds
Platform modules already initialized, skipping
Refreshing native plugins compatible for Editor in 0.18 ms, found 0 plugins.
Preloading 0 native plugins for Editor in 0.00 ms.
Unloading 1113 Unused Serialized files (Serialized files now loaded: 0)
System memory in use before: 57.0 MB.
System memory in use after: 57.1 MB.

Unloading 4 unused Assets to reduce memory usage. Loaded Objects now: 1569.
Total: 1.615900 ms (FindLiveObjects: 0.159300 ms CreateObjectMapping: 0.047100 ms MarkObjects: 1.395400 ms  DeleteObjects: 0.013200 ms)

========================================================================
Received Import Request.
  Time since last request: 107.010977 seconds.
  path: Assets/Scripts/Collecting.cs
  artifactKey: Guid(f0ab3f3006e87ca44b12b4d66e02dbaf) Importer(815301076,1909f56bfc062723c751e8b465ee728b)
Start importing Assets/Scripts/Collecting.cs using Guid(f0ab3f3006e87ca44b12b4d66e02dbaf) Importer(815301076,1909f56bfc062723c751e8b465ee728b)  -> (artifact id: '896265e019b87078dbf265aea4dd1f0c') in 0.006071 seconds
  Import took 0.008201 seconds .

========================================================================
Received Import Request.
  Time since last request: 8.447253 seconds.
  path: Assets/Scripts/Score.cs
  artifactKey: Guid(af6e6d9c4f4fa8f448b8afcd2839b802) Importer(815301076,1909f56bfc062723c751e8b465ee728b)
Start importing Assets/Scripts/Score.cs using Guid(af6e6d9c4f4fa8f448b8afcd2839b802) Importer(815301076,1909f56bfc062723c751e8b465ee728b)  -> (artifact id: '88321ad82a71d8cbc08181dfcf98d989') in 0.008325 seconds
  Import took 0.010600 seconds .

========================================================================
Received Prepare
Registering precompiled user dll's ...
Registered in 0.000616 seconds.
Begin MonoManager ReloadAssembly
Native extension for WindowsStandalone target not found
Refreshing native plugins compatible for Editor in 0.18 ms, found 0 plugins.
Preloading 0 native plugins for Editor in 0.00 ms.
Invoked RoslynAnalysisRunner static constructor.
RoslynAnalysisRunner will not be running.
RoslynAnalysisRunner has terminated.
Mono: successfully reloaded assembly
- Completed reload, in  0.728 seconds
Platform modules already initialized, skipping
Refreshing native plugins compatible for Editor in 0.18 ms, found 0 plugins.
Preloading 0 native plugins for Editor in 0.00 ms.
Unloading 1114 Unused Serialized files (Serialized files now loaded: 0)
System memory in use before: 57.0 MB.
System memory in use after: 57.1 MB.

Unloading 4 unused Assets to reduce memory usage. Loaded Objects now: 1573.
Total: 1.410500 ms (FindLiveObjects: 0.127600 ms CreateObjectMapping: 0.038900 ms MarkObjects: 1.227400 ms  DeleteObjects: 0.015600 ms)

========================================================================
Received Import Request.
  Time since last request: 49.313256 seconds.
  path: Assets/Scripts/Score.cs
  artifactKey: Guid(af6e6d9c4f4fa8f448b8afcd2839b802) Importer(815301076,1909f56bfc062723c751e8b465ee728b)
Start importing Assets/Scripts/Score.cs using Guid(af6e6d9c4f4fa8f448b8afcd2839b802) Importer(815301076,1909f56bfc062723c751e8b465ee728b)  -> (artifact id: '7d546f33103e2c1f9c21bb9dfa1df5ff') in 0.004678 seconds
  Import took 0.007147 seconds .

========================================================================
Received Prepare
Registering precompiled user dll's ...
Registered in 0.000854 seconds.
Begin MonoManager ReloadAssembly
Native extension for WindowsStandalone target not found
Refreshing native plugins compatible for Editor in 0.18 ms, found 0 plugins.
Preloading 0 native plugins for Editor in 0.00 ms.
Invoked RoslynAnalysisRunner static constructor.
RoslynAnalysisRunner will not be running.
RoslynAnalysisRunner has terminated.
Mono: successfully reloaded assembly
- Completed reload, in  0.779 seconds
Platform modules already initialized, skipping
Refreshing native plugins compatible for Editor in 0.18 ms, found 0 plugins.
Preloading 0 native plugins for Editor in 0.00 ms.
Unloading 1114 Unused Serialized files (Serialized files now loaded: 0)
System memory in use before: 57.0 MB.
System memory in use after: 57.1 MB.

Unloading 4 unused Assets to reduce memory usage. Loaded Objects now: 1576.
Total: 1.515100 ms (FindLiveObjects: 0.131000 ms CreateObjectMapping: 0.042500 ms MarkObjects: 1.324200 ms  DeleteObjects: 0.016000 ms)

========================================================================
Received Prepare
Registering precompiled user dll's ...
Registered in 0.000646 seconds.
Begin MonoManager ReloadAssembly
Native extension for WindowsStandalone target not found
Refreshing native plugins compatible for Editor in 0.19 ms, found 0 plugins.
Preloading 0 native plugins for Editor in 0.00 ms.
Invoked RoslynAnalysisRunner static constructor.
RoslynAnalysisRunner will not be running.
RoslynAnalysisRunner has terminated.
Mono: successfully reloaded assembly
- Completed reload, in  0.705 seconds
Platform modules already initialized, skipping
Refreshing native plugins compatible for Editor in 0.18 ms, found 0 plugins.
Preloading 0 native plugins for Editor in 0.00 ms.
Unloading 1114 Unused Serialized files (Serialized files now loaded: 0)
System memory in use before: 57.1 MB.
System memory in use after: 57.2 MB.

Unloading 4 unused Assets to reduce memory usage. Loaded Objects now: 1579.
Total: 1.705300 ms (FindLiveObjects: 0.135900 ms CreateObjectMapping: 0.034400 ms MarkObjects: 1.520600 ms  DeleteObjects: 0.012900 ms)

========================================================================
Received Prepare
Registering precompiled user dll's ...
Registered in 0.000600 seconds.
Begin MonoManager ReloadAssembly
Native extension for WindowsStandalone target not found
Refreshing native plugins compatible for Editor in 0.19 ms, found 0 plugins.
Preloading 0 native plugins for Editor in 0.00 ms.
Invoked RoslynAnalysisRunner static constructor.
RoslynAnalysisRunner will not be running.
RoslynAnalysisRunner has terminated.
Mono: successfully reloaded assembly
- Completed reload, in  0.819 seconds
Platform modules already initialized, skipping
Refreshing native plugins compatible for Editor in 0.19 ms, found 0 plugins.
Preloading 0 native plugins for Editor in 0.00 ms.
Unloading 1114 Unused Serialized files (Serialized files now loaded: 0)
System memory in use before: 57.1 MB.
System memory in use after: 57.2 MB.

Unloading 4 unused Assets to reduce memory usage. Loaded Objects now: 1582.
Total: 1.697500 ms (FindLiveObjects: 0.285800 ms CreateObjectMapping: 0.061700 ms MarkObjects: 1.335700 ms  DeleteObjects: 0.013100 ms)

========================================================================
Received Import Request.
  Time since last request: 254.440191 seconds.
  path: Assets/Scripts/Score.cs
  artifactKey: Guid(af6e6d9c4f4fa8f448b8afcd2839b802) Importer(815301076,1909f56bfc062723c751e8b465ee728b)
Start importing Assets/Scripts/Score.cs using Guid(af6e6d9c4f4fa8f448b8afcd2839b802) Importer(815301076,1909f56bfc062723c751e8b465ee728b)  -> (artifact id: '4597ae7f4aadf42e5df48b0d42f37aa7') in 0.004444 seconds
  Import took 0.006347 seconds .

========================================================================
Received Import Request.
  Time since last request: 1.477893 seconds.
  path: Assets/Scripts/Score.cs
  artifactKey: Guid(af6e6d9c4f4fa8f448b8afcd2839b802) Importer(815301076,1909f56bfc062723c751e8b465ee728b)
Start importing Assets/Scripts/Score.cs using Guid(af6e6d9c4f4fa8f448b8afcd2839b802) Importer(815301076,1909f56bfc062723c751e8b465ee728b)  -> (artifact id: '4597ae7f4aadf42e5df48b0d42f37aa7') in 0.002904 seconds
  Import took 0.004489 seconds .

========================================================================
Received Prepare
Registering precompiled user dll's ...
Registered in 0.000613 seconds.
Begin MonoManager ReloadAssembly
Native extension for WindowsStandalone target not found
Refreshing native plugins compatible for Editor in 0.22 ms, found 0 plugins.
Preloading 0 native plugins for Editor in 0.00 ms.
Invoked RoslynAnalysisRunner static constructor.
RoslynAnalysisRunner will not be running.
RoslynAnalysisRunner has terminated.
Mono: successfully reloaded assembly
- Completed reload, in  0.724 seconds
Platform modules already initialized, skipping
Refreshing native plugins compatible for Editor in 0.19 ms, found 0 plugins.
Preloading 0 native plugins for Editor in 0.00 ms.
Unloading 1114 Unused Serialized files (Serialized files now loaded: 0)
System memory in use before: 57.1 MB.
System memory in use after: 57.2 MB.

Unloading 4 unused Assets to reduce memory usage. Loaded Objects now: 1585.
Total: 1.531200 ms (FindLiveObjects: 0.156400 ms CreateObjectMapping: 0.041400 ms MarkObjects: 1.320000 ms  DeleteObjects: 0.012600 ms)

========================================================================
Received Import Request.
  Time since last request: 95.355444 seconds.
  path: Assets/Scripts/Score.cs
  artifactKey: Guid(af6e6d9c4f4fa8f448b8afcd2839b802) Importer(815301076,1909f56bfc062723c751e8b465ee728b)
Start importing Assets/Scripts/Score.cs using Guid(af6e6d9c4f4fa8f448b8afcd2839b802) Importer(815301076,1909f56bfc062723c751e8b465ee728b)  -> (artifact id: '22a16e1fd5c576f91e1a41fcbcc85ff9') in 0.007699 seconds
  Import took 0.011022 seconds .

========================================================================
Received Prepare
Registering precompiled user dll's ...
Registered in 0.000992 seconds.
Begin MonoManager ReloadAssembly
Native extension for WindowsStandalone target not found
Refreshing native plugins compatible for Editor in 0.22 ms, found 0 plugins.
Preloading 0 native plugins for Editor in 0.00 ms.
Invoked RoslynAnalysisRunner static constructor.
RoslynAnalysisRunner will not be running.
RoslynAnalysisRunner has terminated.
Mono: successfully reloaded assembly
- Completed reload, in  0.733 seconds
Platform modules already initialized, skipping
Refreshing native plugins compatible for Editor in 0.19 ms, found 0 plugins.
Preloading 0 native plugins for Editor in 0.00 ms.
Unloading 1114 Unused Serialized files (Serialized files now loaded: 0)
System memory in use before: 57.1 MB.
System memory in use after: 57.2 MB.

Unloading 4 unused Assets to reduce memory usage. Loaded Objects now: 1588.
Total: 1.802500 ms (FindLiveObjects: 0.183500 ms CreateObjectMapping: 0.044100 ms MarkObjects: 1.556600 ms  DeleteObjects: 0.017300 ms)

========================================================================
Received Import Request.
  Time since last request: 13.705196 seconds.
  path: Assets/Scripts/Score.cs
  artifactKey: Guid(af6e6d9c4f4fa8f448b8afcd2839b802) Importer(815301076,1909f56bfc062723c751e8b465ee728b)
Start importing Assets/Scripts/Score.cs using Guid(af6e6d9c4f4fa8f448b8afcd2839b802) Importer(815301076,1909f56bfc062723c751e8b465ee728b)  -> (artifact id: '83a7b8344d02eadf3bd4c1e743f251ac') in 0.004204 seconds
  Import took 0.005899 seconds .

========================================================================
Received Prepare
Registering precompiled user dll's ...
Registered in 0.000641 seconds.
Begin MonoManager ReloadAssembly
Native extension for WindowsStandalone target not found
Refreshing native plugins compatible for Editor in 0.21 ms, found 0 plugins.
Preloading 0 native plugins for Editor in 0.00 ms.
Invoked RoslynAnalysisRunner static constructor.
RoslynAnalysisRunner will not be running.
RoslynAnalysisRunner has terminated.
Mono: successfully reloaded assembly
- Completed reload, in  0.831 seconds
Platform modules already initialized, skipping
Refreshing native plugins compatible for Editor in 0.23 ms, found 0 plugins.
Preloading 0 native plugins for Editor in 0.00 ms.
Unloading 1114 Unused Serialized files (Serialized files now loaded: 0)
System memory in use before: 57.1 MB.
System memory in use after: 57.2 MB.

Unloading 4 unused Assets to reduce memory usage. Loaded Objects now: 1591.
Total: 2.090300 ms (FindLiveObjects: 0.224900 ms CreateObjectMapping: 0.045200 ms MarkObjects: 1.801000 ms  DeleteObjects: 0.017200 ms)

========================================================================
Received Prepare
Registering precompiled user dll's ...
Registered in 0.000768 seconds.
Begin MonoManager ReloadAssembly
Native extension for WindowsStandalone target not found
Refreshing native plugins compatible for Editor in 0.19 ms, found 0 plugins.
Preloading 0 native plugins for Editor in 0.00 ms.
Invoked RoslynAnalysisRunner static constructor.
RoslynAnalysisRunner will not be running.
RoslynAnalysisRunner has terminated.
Mono: successfully reloaded assembly
- Completed reload, in  0.761 seconds
Platform modules already initialized, skipping
Refreshing native plugins compatible for Editor in 0.18 ms, found 0 plugins.
Preloading 0 native plugins for Editor in 0.00 ms.
Unloading 1114 Unused Serialized files (Serialized files now loaded: 0)
System memory in use before: 57.1 MB.
System memory in use after: 57.2 MB.

Unloading 4 unused Assets to reduce memory usage. Loaded Objects now: 1594.
Total: 1.537500 ms (FindLiveObjects: 0.157600 ms CreateObjectMapping: 0.045000 ms MarkObjects: 1.319200 ms  DeleteObjects: 0.014000 ms)

AssetImportWorkerClient::OnTransportError - code=2 error=End of file
